let str = "Good morning!";
undefined
let greeting = "안녕하세요?"
undefined
str.length
13
greeting.length
6
str.charAt(3)
'd'
str[5]
'm'
let str1 = "Good morning, everyone. Beautiful morning."
undefined
str1.indexOf("morning")
5
str1.indexOf("evening")
-1
firstIndex = str1.indexOf("morning")
5
str1.indexOf("morning",firstIndex+1)
34
str2 = "Hello, everyone."
'Hello, everyone.'
str2.startsWith("Hello")
true
str2.startsWith("hello")
false
str2.startsWith("He")
true
str2.startsWith("Hello, ev")
true
str2.startsWith("el",1)
true
str2.startsWith("0",4)
false
str2.endsWith("everyone.")
true
str2.endsWith("Everyone.")
false
str2.endsWith("one.")
true
str2.endsWith("lo, everyone")
false
str2.endsWith("one.",16)
true
str2.endsWith("lo",5)
true
str2.indexOf("every")!==-1
true
str2.includes("every")
true
let str3 = " ab cd ef "
undefined
str3.trim
ƒ trim() { [native code] }
str3.trim()
'ab cd ef'
str3.trimStart()
'ab cd ef '
str3.trimE()
VM1418:1 Uncaught TypeError: str3.trimE is not a function
    at <anonymous>:1:6
(anonymous) @ VM1418:1
str3.trimEnd()
' ab cd ef'
let str4 = "Good morning."
undefined
str4.toUpperCase()
'GOOD MORNING.'
str4.toLowerCaseCase()
VM1538:1 Uncaught TypeError: str4.toLowerCaseCase is not a function
    at <anonymous>:1:6
(anonymous) @ VM1538:1
str4.toLowerCase()
'good morning.'
str4.substring(5)
'morning.'
str4.substring(0,4)
'Good'
str4.slice(0,4)
'Good'
str4.slice(-5,12)
'ning'
str4.substring(-5,12)
'Good morning'
str5 = "Hello everyone"
'Hello everyone'
array1 = str5.split(" ")
(2) ['Hello', 'everyone']
array1 = str5.split("")
(14) ['H', 'e', 'l', 'l', 'o', ' ', 'e', 'v', 'e', 'r', 'y', 'o', 'n', 'e']
let regexp /\d{3}/
VM1894:1 Uncaught SyntaxError: Unexpected token '/'
let regexp "/\d{3}/"
VM1911:1 Uncaught SyntaxError: Unexpected string
let regexp /\d{3}/
regexp.test("Hello")
regexp.text("123")
VM2035:1 Uncaught SyntaxError: Unexpected token '/'
let regexp (/\d{3}/)
regexp.test("Hello")
regexp.text("123")
VM2039:1 Uncaught SyntaxError: Unexpected token '('
let regexp = /\d{3}/
regexp.test("Hello")
regexp.text("123")
VM2047:3 Uncaught TypeError: regexp.text is not a function
    at <anonymous>:3:8
(anonymous) @ VM2047:3
let regexp = /\d{3}/
undefined
regexp.test("Hello")
false
regexp.text("123")
VM2182:1 Uncaught TypeError: regexp.text is not a function
    at <anonymous>:1:8
(anonymous) @ VM2182:1
regexp.test("123")
true
let str = "ES2015 is powerful!"
undefined
str.match(/ES6/)
null
str.replace(/ES2015/,"ES6")
'ES6 is powerful!'
let str = "ES2015 is powerful!"
undefined
/es/.test(str)
false
/es/i.test(str)
true
let str = "ES2015 is powerful!"
undefined
str.match(/ES\d/)
['ES2', index: 0, input: 'ES2015 is powerful!', groups: undefined]
str.match(/ES\d\d\d\d/)
['ES2015', index: 0, input: 'ES2015 is powerful!', groups: undefined]
let hello = "Hello, everyone."
undefined
/^H/.test(hello)
true
/^h/.test(hello)
false
/one.$/.test(hello)
true
/e.$/.test(hello)
true
/one$/.test(hello)
false
"ES2015".match(/[^0-9]/g)
(2) ['E', 'S']
let str = "Oooops"
undefined
str.match(/o{2}/)
['oo', index: 1, input: 'Oooops', groups: undefined]
str.match(/o{2,}/)
['ooo', index: 1, input: 'Oooops', groups: undefined]
str.match(/o{2,4}/i)
['Oooo', index: 0, input: 'Oooops', groups: undefined]
let str2 = "ES2015(ES6) is powerful!"
undefined
let regexp = /ES2015|ES6/
undefined
regexp.test(str2)
true
